<?xml version="1.0" encoding="UTF-8"?>
<!-- Generated by org.testng.reporters.JUnitXMLReporter -->
<testsuite ignored="0" hostname="IN-RintuGeorge-DL5440" failures="0" tests="3" name="Default test" time="19.278" errors="0" timestamp="2025-06-14T21:01:22 IST">
  <testcase classname="com.CRM.qa.testcases.LoginPagetest" name="VerifyTitle" time="0.083"/>
  <testcase classname="com.CRM.qa.testcases.LoginPagetest" name="getTitle" time="0.071"/>
  <testcase classname="com.CRM.qa.testcases.LoginPagetest" name="Logintest" time="0.976"/>
</testsuite> <!-- Default test -->
