<?xml version="1.0" encoding="UTF-8"?>
<testng-results ignored="0" total="2" passed="2" failed="0" skipped="0">
  <reporter-output>
  </reporter-output>
  <suite started-at="2025-06-20T13:09:14 IST" name="Suite1" finished-at="2025-06-20T13:09:16 IST" duration-ms="2106">
    <groups>
    </groups>
    <test started-at="2025-06-20T13:09:14 IST" name="Test1" finished-at="2025-06-20T13:09:16 IST" duration-ms="2106">
      <class name="ParalletTestTestNG.TestNGParallelTesting">
        <test-method signature="Test1()[pri:0, instance:ParalletTestTestNG.TestNGParallelTesting@5c86a017]" started-at="2025-06-20T13:09:15 IST" name="Test1" finished-at="2025-06-20T13:09:15 IST" duration-ms="276" status="PASS">
          <reporter-output>
          </reporter-output>
        </test-method> <!-- Test1 -->
        <test-method signature="Test2()[pri:0, instance:ParalletTestTestNG.TestNGParallelTesting@5c86a017]" started-at="2025-06-20T13:09:15 IST" name="Test2" finished-at="2025-06-20T13:09:15 IST" duration-ms="276" status="PASS">
          <reporter-output>
          </reporter-output>
        </test-method> <!-- Test2 -->
      </class> <!-- ParalletTestTestNG.TestNGParallelTesting -->
    </test> <!-- Test1 -->
  </suite> <!-- Suite1 -->
</testng-results>
