<?xml version="1.0" encoding="UTF-8"?>
<testng-results ignored="0" total="2" passed="2" failed="0" skipped="0">
  <reporter-output>
  </reporter-output>
  <suite started-at="2025-06-19T13:51:15 IST" name="Suite1" finished-at="2025-06-19T13:51:15 IST" duration-ms="78">
    <groups>
    </groups>
    <test started-at="2025-06-19T13:51:15 IST" name="Test1" finished-at="2025-06-19T13:51:15 IST" duration-ms="78">
      <class name="ParalletTestTestNG.TestNGParallelTesting">
        <test-method signature="Test2()[pri:0, instance:ParalletTestTestNG.TestNGParallelTesting@74235045]" started-at="2025-06-19T13:51:15 IST" name="Test2" finished-at="2025-06-19T13:51:15 IST" duration-ms="10" status="PASS">
          <reporter-output>
          </reporter-output>
        </test-method> <!-- Test2 -->
        <test-method signature="Test1()[pri:0, instance:ParalletTestTestNG.TestNGParallelTesting@74235045]" started-at="2025-06-19T13:51:15 IST" name="Test1" finished-at="2025-06-19T13:51:15 IST" duration-ms="9" status="PASS">
          <reporter-output>
          </reporter-output>
        </test-method> <!-- Test1 -->
      </class> <!-- ParalletTestTestNG.TestNGParallelTesting -->
    </test> <!-- Test1 -->
  </suite> <!-- Suite1 -->
</testng-results>
